<?xml version="1.0" encoding="UTF-8"?>
<!-- Generated by org.testng.reporters.JUnitXMLReporter -->
<testsuite hostname="ASIL-MORANG" ignored="2" tests="1" failures="0" timestamp="2020-01-29T12:53:51 IST" time="17.622" errors="0">
  <testcase name="weightTest" time="4.405" classname="BrowserTest"/>
  <testcase name="CelsiusToFahrenheitTest" time="0.0" classname="BrowserTest">
    <ignored/>
  </testcase> <!-- CelsiusToFahrenheitTest -->
  <testcase name="MeterToFeetTest" time="0.0" classname="BrowserTest">
    <ignored/>
  </testcase> <!-- MeterToFeetTest -->
</testsuite>
